c:\users\richard\documents\ti2.4\holographdemo\holographdemo\debug\vc140.pdb
c:\users\richard\documents\ti2.4\holographdemo\holographdemo\debug\vc140.idb
c:\users\richard\documents\ti2.4\holographdemo\holographdemo\debug\book.obj
c:\users\richard\documents\ti2.4\holographdemo\holographdemo\debug\bubblepartical.obj
c:\users\richard\documents\ti2.4\holographdemo\holographdemo\debug\color.obj
c:\users\richard\documents\ti2.4\holographdemo\holographdemo\debug\hologramscreen.obj
c:\users\richard\documents\ti2.4\holographdemo\holographdemo\debug\ingredient.obj
c:\users\richard\documents\ti2.4\holographdemo\holographdemo\debug\main.obj
c:\users\richard\documents\ti2.4\holographdemo\holographdemo\debug\objmodel.obj
c:\users\richard\documents\ti2.4\holographdemo\holographdemo\debug\partical.obj
c:\users\richard\documents\ti2.4\holographdemo\holographdemo\debug\particalemitter.obj
c:\users\richard\documents\ti2.4\holographdemo\holographdemo\debug\recipeloader.obj
c:\users\richard\documents\ti2.4\holographdemo\holographdemo\debug\screen.obj
c:\users\richard\documents\ti2.4\holographdemo\holographdemo\debug\sound.obj
c:\users\richard\documents\ti2.4\holographdemo\holographdemo\debug\statemanager.obj
c:\users\richard\documents\ti2.4\holographdemo\holographdemo\debug\storyscreen.obj
c:\users\richard\documents\ti2.4\holographdemo\holographdemo\debug\symptom.obj
c:\users\richard\documents\ti2.4\holographdemo\holographdemo\debug\texture.obj
c:\users\richard\documents\ti2.4\holographdemo\holographdemo\debug\worldobject.obj
c:\users\richard\documents\ti2.4\holographdemo\holographdemo\debug\holographdemo.tlog\cl.command.1.tlog
c:\users\richard\documents\ti2.4\holographdemo\holographdemo\debug\holographdemo.tlog\cl.read.1.tlog
c:\users\richard\documents\ti2.4\holographdemo\holographdemo\debug\holographdemo.tlog\cl.write.1.tlog
c:\users\richard\documents\ti2.4\holographdemo\holographdemo\debug\holographdemo.tlog\link.command.1.tlog
c:\users\richard\documents\ti2.4\holographdemo\holographdemo\debug\holographdemo.tlog\link.read.1.tlog
c:\users\richard\documents\ti2.4\holographdemo\holographdemo\debug\holographdemo.tlog\link.write.1.tlog
